[15:58:53] [Render thread/INFO] [JMLogger] JourneyMap log initialized.
[15:58:53] [Render thread/INFO] [JourneymapClient] initialize ENTER
[15:58:53] [Render thread/INFO] [ClientAPI] [ClientAPI] built with JourneyMap API 2.0.0-SNAPSHOT
[15:58:53] [Render thread/INFO] [PluginHelper] Initializing plugins with Client API: journeymap.api.client.impl.ClientAPI
[15:58:53] [Render thread/INFO] [PluginHelper] Initialized IClientPlugin: journeymap.api.plugins.LoadedChunkOverlayPlugin
[15:58:53] [Render thread/WARN] [PropertiesBase] core (Initialized) Bad configField entry during updateFrom(): optionsManagerViewed=null
[15:58:53] [Render thread/INFO] [?] Version: JourneyMap 1.21.1-6.0.0-beta.45, built with fabric 0.115.4+1.21.1
fabric: 0.16.14
Environment: os.name, os.arch, java.version, user.country, user.language=null, game language=en_us, locale=en_us
Features: 
	RadarPlayers : singleplayer = true , multiplayer = true
	RadarAnimals : singleplayer = true , multiplayer = true
	RadarMobs : singleplayer = true , multiplayer = true
	RadarVillagers : singleplayer = true , multiplayer = true
	MapTopo : singleplayer = true , multiplayer = true
	MapSurface : singleplayer = true , multiplayer = true
	MapCaves : singleplayer = true , multiplayer = true
	MapBiome : singleplayer = true , multiplayer = true
MiniMapProperties{state=Valid, file=journeymap.minimap.config, configVersion=6.0.0-beta.45, infoSlotTimeFormat=HH:mm:ss, zoomLevel=512, compassFontScale=1.0, infoSlotFontScale=1.0, terrainAlpha=100, showEntityNames=false, showPassiveNames=false, positionX=0.9, positionY=0.25, effectVertical=false, showPlayerHeading=true, sizePercent=30, playerDisplayScale=1.0, showDayNight=true, showPets=true, showPlayerNames=true, preferredMapType=day, showCompass=true, showNpcNames=false, mobDisplay=jm.common.entity_display.dots_and_outlined_icons, showHostileNames=false, systemTimeRealFormat=HH:mm:ss, shape=jm.minimap.shape_circle, showSelf=true, showVillagerNames=false, selfDisplayScale=1.0, showGrid=true, reticleOrientation=jm.minimap.orientation.compass, minimapLockedMapType=jm.common.map_type.auto, effectTranslateX=0, info3LabelPosition=jm.minimap.info_slot.bottom, showWaypoints=true, info2LabelPosition=jm.minimap.info_slot.top, minimapKeyMovementSpeed=0.001, info1LabelPosition=jm.minimap.info_slot.top, showAnimals=true, infoSlotAlpha=0.7, effectTranslateY=0, showWaypointLabels=true, showAmbientNames=false, moveEffectIcons=true, showTeamNames=true, position=jm.minimap.position_topright, fontScale=1.0, info4LabelPosition=jm.minimap.info_slot.bottom, showPlayers=true, waypointIconScale=1.0, frameAlpha=100, effectReversed=false, backgroundAlpha=0.8, enabled=false, showVillagers=true, info2Label=jm.theme.labelsource.gametime, info3Label=jm.theme.labelsource.location, caveLayer=4, showMobs=true, waypointLabelScale=1.0, showReticle=true, orientation=jm.minimap.orientation.north, info4Label=jm.theme.labelsource.biome, locationFormat=xzyv, playerDisplay=jm.common.entity_display.outlined_icons, mobDisplayScale=1.0, showOffScreenPlayers=true, showCaves=true, hideEffectIcons=false, showMobHeading=true, locationFormatVerbose=true, showAmbientCreatures=false, showPetNames=false, info1Label=jm.theme.labelsource.blank, showNoIconNames=true}
MiniMapProperties{state=Valid, file=journeymap.minimap2.config, configVersion=6.0.0-beta.45, infoSlotTimeFormat=HH:mm:ss, zoomLevel=512, compassFontScale=1.0, infoSlotFontScale=1.0, terrainAlpha=100, showEntityNames=false, showPassiveNames=false, positionX=0.9, positionY=0.25, effectVertical=false, showPlayerHeading=true, sizePercent=30, playerDisplayScale=1.0, showDayNight=true, showPets=true, showPlayerNames=true, preferredMapType=day, showCompass=true, showNpcNames=false, mobDisplay=jm.common.entity_display.dots_and_outlined_icons, showHostileNames=false, systemTimeRealFormat=HH:mm:ss, shape=jm.minimap.shape_rectangle, showSelf=true, showVillagerNames=false, selfDisplayScale=1.0, showGrid=true, reticleOrientation=jm.minimap.orientation.compass, minimapLockedMapType=jm.common.map_type.auto, effectTranslateX=0, info3LabelPosition=jm.minimap.info_slot.bottom, showWaypoints=true, info2LabelPosition=jm.minimap.info_slot.top, minimapKeyMovementSpeed=0.001, info1LabelPosition=jm.minimap.info_slot.top, showAnimals=true, infoSlotAlpha=0.7, effectTranslateY=0, showWaypointLabels=true, showAmbientNames=false, moveEffectIcons=true, showTeamNames=true, position=jm.minimap.position_topright, fontScale=1.0, info4LabelPosition=jm.minimap.info_slot.bottom, showPlayers=true, waypointIconScale=1.0, frameAlpha=100, effectReversed=false, backgroundAlpha=0.8, enabled=true, showVillagers=true, info2Label=jm.theme.labelsource.gametime, info3Label=jm.theme.labelsource.location, caveLayer=4, showMobs=true, waypointLabelScale=1.0, showReticle=true, orientation=jm.minimap.orientation.north, info4Label=jm.theme.labelsource.biome, locationFormat=xzyv, playerDisplay=jm.common.entity_display.outlined_icons, mobDisplayScale=1.0, showOffScreenPlayers=true, showCaves=true, hideEffectIcons=false, showMobHeading=true, locationFormatVerbose=true, showAmbientCreatures=false, showPetNames=false, info1Label=jm.theme.labelsource.blank, showNoIconNames=true}
FullMapProperties{state=Valid, file=journeymap.fullmap.config, configVersion=6.0.0-beta.45, zoomLevel=512, minimalMode=false, showPlayers=true, waypointIconScale=1.0, showEntityNames=false, showPassiveNames=false, showPlayerHeading=true, showVillagers=true, showPlayerLoc=true, showKeys=true, playerDisplayScale=1.0, showMobs=true, showPets=true, waypointLabelScale=1.0, showPlayerNames=true, preferredMapType=day, showNpcNames=false, mobDisplay=jm.common.entity_display.dots_and_outlined_icons, showHostileNames=false, showSelf=true, locationFormat=xzyv, playerDisplay=jm.common.entity_display.outlined_icons, showVillagerNames=false, mobDisplayScale=1.0, selfDisplayScale=1.0, showOffScreenPlayers=true, showGrid=true, showMouseLoc=true, showWaypoints=true, showCaves=true, showThemeButton=true, showAnimals=true, showMobHeading=true, showWaypointLabels=true, locationFormatVerbose=true, showAmbientNames=false, showAmbientCreatures=false, showTeamNames=true, showPetNames=false, fontScale=1.0, showNoIconNames=true}
WaypointProperties{state=Valid, file=journeymap.waypoint.config, configVersion=6.0.0-beta.45, autoRemoveDeathpointDistance=2, showPlayers=false, dateFormat=MM-dd-yyyy, autoHideIconAngle=5, autoRemoveDeathpoints=false, autoHideIcon=false, autoHideLabelAngle=5, renderWaypointsWorld=true, showDeleteConfirmation=true, managerDimensionFocus=false, fullscreenDoubleClickToCreate=true, minDistance=4, coordinatesFormat=XZY, boldLabel=false, disableShare=false, showDeathpointlabel=true, textureSmall=true, useActionsButton=false, beaconEnabled=true, createDeathpoints=true, disableStrikeThrough=false, renderWaypointsMap=true, showName=true, maxDistance=0, autoHideLabel=true, autoRemoveTempWaypoints=2, teleportCommand=/execute in {dim} run tp {name} {x} {y} {z}, showStaticBeam=true, renderWaypoints=true, wholeNumberTeleportCoords=false, timeFormat=HH:mm:ss, shaderBeacon=false, showDistance=true, showRotatingBeam=true, fontScale=2.0, managerEnabled=true}
WebMapProperties{state=Valid, file=journeymap.webmap.config, configVersion=6.0.0-beta.45, port=8080, enabled=false}
CoreProperties{state=Valid, file=journeymap.core.config, configVersion=6.0.0-beta.45, maxPlayersData=32, mapSurfaceAboveCaves=true, dataCachingEnabled=true, maxAmbientCreaturesData=32, optionsManagerViewed=null, announceMod=true, ignoreSnow=false, colorPassive=#bbbbbb, colorPassiveLabel=#bbbbbb, mapShadows=true, mapBlendWater=true, playerIconFade=true, renderDistanceSurfaceMax=0, seedId=false, colorPetLabel=#0077ff, radarVerticalDistance=16, mapBlendGrass=true, recordCacheStats=false, hideSneakingEntities=true, initialSortOrder=Name, colorPlayerLabel=#ffffff, revealShape=jm.minimap.shape_circle, mapBiome=true, caveShader=jm.common.map_filter.default, mipmapLevels=0, colorVillagerLabel=#88e188, alwaysMapSurface=false, biomeShader=jm.common.map_filter.default, colorVillager=#88e188, mapPlants=false, colorPet=#0077ff, sortDescending=true, radarLateralDistance=64, mapBathymetry=false, mapCrops=true, maxMobsData=32, dayShader=jm.common.map_filter.default, mapPlantShadows=false, alwaysMapCaves=false, checkUpdates=true, colorHostileLabel=#ff0000, mapBlendFoliage=true, topoMax=0, hideSpectators=false, mappingEnabled=true, colorPlayer=#ffffff, cacheVillagersData=2200, logLevel=INFO, maxVillagersData=32, mapWaterBiomeColors=true, maxAnimalsData=32, mapTransparency=true, caveBlackAsClear=false, caveModeThreshold=2, legacyIcons=false, netherShader=jm.common.map_filter.default, caveIgnoreGlass=true, mapTopography=true, renderDistanceCaveMax=0, mapAntialiasing=true, colorSelf=#0000ff, cachePlayersData=2000, mapOnlyPlayerChunk=false, nightShader=jm.common.map_filter.default, cacheMobsData=3000, cachePlayerData=1000, splashViewed=6.0.0-beta.45, colorHostile=#ff0000, topoShader=jm.common.map_filter.default, allowMiniMapBehindScreens=true, cacheAnimalsData=3100, ignoreHeightmaps=false, themeName=Purist, mapCaveLighting=true, renderDelay=2, mobIconFade=true, serverIp=false, glErrorChecking=false, autoMapPoll=2000}
[15:58:53] [Render thread/INFO] [JourneymapClient] initialize EXIT, elapsed count 1 avg 243.85ms
[15:58:54] [Render thread/INFO] [ThemeLoader] Preloaded theme textures: 73
[15:58:56] [Render thread/INFO] [JourneymapClient] postInitialize EXIT, elapsed count 1 avg 2328.44ms
[15:59:15] [Render thread/INFO] [ColorPalette] Color palette file generated for 0 blockstates in 0ms for: Default Palette
[16:00:40] [Render thread/WARN] [PropertiesBase] core (Initialized) Bad configField entry during updateFrom(): optionsManagerViewed=null
[16:00:41] [Render thread/INFO] [ModBlockDelegate] Custom modded block handling enabled for biomesoplenty
[16:00:41] [Render thread/INFO] [WaypointHandler] Resetting Waypoints and Groups.
[16:00:41] [Render thread/INFO] [WaypointStore] Loaded 0 waypoints from disk.
[16:00:41] [Render thread/INFO] [WaypointGroupStore] Loaded 4 waypoint groups from disk.
[16:00:41] [Render thread/INFO] [LegacyWaypointFileMigrator] 0 Legacy waypoints found that need to be migrated and backed up.
[16:00:41] [Render thread/INFO] [ColorPalette] Color palette file generated for 0 blockstates in 0ms for: C:\Users\diefesson\AppData\Roaming\PrismLauncher\instances\Modsa-1.0.0\minecraft\journeymap\colorpalette.json
[16:00:41] [Render thread/INFO] [ColorPalette] Color palette file generated for 0 blockstates in 0ms for: C:\Users\diefesson\AppData\Roaming\PrismLauncher\instances\Modsa-1.0.0\minecraft\journeymap\data\sp\test\colorpalette.json
[16:00:41] [Render thread/INFO] [JourneymapClient] Mapping started in C:\Users\diefesson\AppData\Roaming\PrismLauncher\instances\Modsa-1.0.0\minecraft\journeymap\data\sp\test\overworld. Memory: 4096MB total, 1019MB free 
[16:00:41] [Render thread/INFO] [ChatLog] JourneyMap: Press [M]
[16:00:41] [Render thread/INFO] [InternalStateHandler] Connection initiated with Journeymap Server: true
[16:00:41] [Render thread/INFO] [InternalStateHandler] Teleport Enabled: true
[16:00:41] [Render thread/INFO] [InternalStateHandler] Expanded Radar Enabled: true
[16:00:41] [Render thread/INFO] [InternalStateHandler] Server Admin Enabled: true
[16:00:41] [Render thread/INFO] [InternalStateHandler] Server set show in-game beacons: true
[16:00:41] [Render thread/INFO] [InternalStateHandler] Server set waypoints allowed: true
[16:00:41] [Render thread/INFO] [InternalStateHandler] Server set Server Admin read only mode: true
[16:00:41] [Render thread/INFO] [InternalStateHandler] Server set maxSurfaceRenderDistance to: 0
[16:00:41] [Render thread/INFO] [InternalStateHandler] Server setmaxCaveRenderDistance to: 0
[16:00:41] [Render thread/INFO] [InternalStateHandler] Server set allow mutliplayer options: true
[16:00:41] [Render thread/INFO] [InternalStateHandler] Server set allow rightClickTeleport options: true
[16:00:41] [Render thread/INFO] [InternalStateHandler] Server set allow radarLateralDistance options: 512
[16:00:41] [Render thread/INFO] [InternalStateHandler] Server set allow radarVerticalDistance options: 320
[16:00:41] [Render thread/INFO] [InternalStateHandler] Server set allow maxAnimalsData options: 128
[16:00:41] [Render thread/INFO] [InternalStateHandler] Server set allow maxAmbientCreaturesData options: 128
[16:00:41] [Render thread/INFO] [InternalStateHandler] Server set allow maxMobsData options: 128
[16:00:41] [Render thread/INFO] [InternalStateHandler] Server set allow maxPlayersData options: 128
[16:00:41] [Render thread/INFO] [InternalStateHandler] Server set allow maxVillagersData options: 128
[16:00:41] [Render thread/INFO] [InternalStateHandler] Server set allow playerRadarNamesEnabled options: true
[16:00:41] [Render thread/INFO] [InternalStateHandler] Server set allow minimapEnabled options: true
[16:00:41] [Render thread/INFO] [InternalStateHandler] Server set allow hideCoordinates options: false
[16:00:58] [Render thread/INFO] [DeathPointHandler] DiefAlpha died at class_2338{x=-672, y=83, z=-336}. Deathpoints enabled: true. Deathpoint created: true
[16:01:01] [Worker-Main-11/INFO] [ClientWaypointDAO] Saving WaypointData.dat async:true
[16:03:37] [Render thread/INFO] [ClientWaypointDAO] Saving WaypointData.dat async:true
[16:03:41] [Render thread/INFO] [ClientWaypointDAO] Saving WaypointData.dat async:true
[16:03:41] [Render thread/INFO] [ClientWaypointDAO] Saving WaypointData.dat async:true
[16:19:02] [Render thread/INFO] [DeathPointHandler] DiefAlpha died at class_2338{x=-836, y=29, z=-464}. Deathpoints enabled: true. Deathpoint created: true
[16:19:05] [Worker-Main-12/INFO] [ClientWaypointDAO] Saving WaypointData.dat async:true
[16:37:51] [Render thread/WARN] [JMLogger] Image is null: cobblemon:textures/entity_icon/0903_sneasler/sneasler.png
[16:37:51] [Render thread/WARN] [JMLogger] Image is null: cobblemon:textures/entity_icon/0263_zigzagoon/zigzagoon.png
[16:37:51] [Render thread/WARN] [JMLogger] Image is null: cobblemon:textures/entity_icon/0228_houndour/houndour.png
[16:37:51] [Render thread/WARN] [JMLogger] Image is null: cobblemon:textures/entity_icon/0418_buizel/buizel.png
[16:37:51] [Render thread/WARN] [JMLogger] Image is null: cobblemon:textures/entity_icon/0341_corphish/corphish.png
[16:37:51] [Render thread/WARN] [JMLogger] Image is null: cobblemon:textures/entity_icon/0060_poliwag/poliwag.png
[16:37:51] [Render thread/WARN] [JMLogger] Image is null: cobblemon:textures/entity_icon/0054_psyduck/psyduck.png
[16:37:51] [Render thread/WARN] [JMLogger] Image is null: cobblemon:textures/entity_icon/0174_igglybuff/igglybuff.png
[16:37:51] [Render thread/WARN] [JMLogger] Image is null: cobblemon:textures/entity_icon/0504_patrat/patrat.png
[16:37:51] [Render thread/WARN] [JMLogger] Image is null: cobblemon:textures/entity_icon/0128_tauros/tauros.png
[16:37:51] [Render thread/WARN] [JMLogger] Image is null: cobblemon:textures/entity_icon/0550_basculin/basculin_bluestripe.png
[16:37:51] [Render thread/WARN] [JMLogger] Image is null: cobblemon:textures/entity_icon/0427_buneary/buneary.png
[16:37:51] [Render thread/WARN] [JMLogger] Image is null: cobblemon:textures/entity_icon/0118_goldeen/goldeen.png
[16:37:51] [Render thread/WARN] [JMLogger] Image is null: cobblemon:textures/entity_icon/0421_cherrim/cherrim_sunshine.png
[16:37:54] [Render thread/WARN] [JMLogger] Image is null: cobblemon:textures/entity_icon/0550_basculin/basculin_redstripe.png
[16:37:57] [Render thread/INFO] [ClientWaypointDAO] Saving WaypointData.dat async:true
[16:37:57] [Render thread/INFO] [ClientWaypointDAO] Saving WaypointData.dat async:true
[16:37:59] [Render thread/WARN] [JMLogger] Image is null: cobblemon:textures/entity_icon/0054_psyduck/psyduck.png
[16:37:59] [Render thread/WARN] [JMLogger] Image is null: cobblemon:textures/entity_icon/0341_corphish/corphish.png
[16:37:59] [Render thread/WARN] [JMLogger] Image is null: cobblemon:textures/entity_icon/0228_houndour/houndour.png
[16:37:59] [Render thread/WARN] [JMLogger] Image is null: cobblemon:textures/entity_icon/0550_basculin/basculin_redstripe.png
[16:37:59] [Render thread/WARN] [JMLogger] Image is null: cobblemon:textures/entity_icon/0550_basculin/basculin_bluestripe.png
[16:37:59] [Render thread/WARN] [JMLogger] Image is null: cobblemon:textures/entity_icon/0903_sneasler/sneasler.png
[16:37:59] [Render thread/WARN] [JMLogger] Image is null: cobblemon:textures/entity_icon/0128_tauros/tauros.png
[16:37:59] [Render thread/WARN] [JMLogger] Image is null: cobblemon:textures/entity_icon/0504_patrat/patrat.png
[16:37:59] [Render thread/WARN] [JMLogger] Image is null: cobblemon:textures/entity_icon/0263_zigzagoon/zigzagoon.png
[16:37:59] [Render thread/WARN] [JMLogger] Image is null: cobblemon:textures/entity_icon/0421_cherrim/cherrim_sunshine.png
[16:37:59] [Render thread/WARN] [JMLogger] Image is null: cobblemon:textures/entity_icon/0174_igglybuff/igglybuff.png
[16:38:03] [Render thread/WARN] [JMLogger] Image is null: cobblemon:textures/entity_icon/0418_buizel/buizel.png
[16:38:03] [Render thread/WARN] [JMLogger] Image is null: cobblemon:textures/entity_icon/0060_poliwag/poliwag.png
[16:38:03] [Render thread/WARN] [JMLogger] Image is null: cobblemon:textures/entity_icon/0427_buneary/buneary.png
[16:38:03] [Render thread/WARN] [JMLogger] Image is null: cobblemon:textures/entity_icon/0118_goldeen/goldeen.png
[16:38:03] [Render thread/WARN] [JMLogger] Image is null: cobblemon:textures/entity_icon/0162_furret/furret.png
[16:38:19] [Render thread/WARN] [JMLogger] Image is null: cobblemon:textures/entity_icon/0925_maushold/maushold.png
[16:38:25] [Render thread/WARN] [JMLogger] Image is null: cobblemon:textures/entity_icon/0163_hoothoot/hoothoot.png
[16:38:31] [Render thread/WARN] [JMLogger] Image is null: cobblemon:textures/entity_icon/0228_houndour/houndour.png
[16:38:31] [Render thread/WARN] [JMLogger] Image is null: cobblemon:textures/entity_icon/0418_buizel/buizel.png
[16:38:31] [Render thread/WARN] [JMLogger] Image is null: cobblemon:textures/entity_icon/0341_corphish/corphish.png
[16:38:31] [Render thread/WARN] [JMLogger] Image is null: cobblemon:textures/entity_icon/0060_poliwag/poliwag.png
[16:38:31] [Render thread/WARN] [JMLogger] Image is null: cobblemon:textures/entity_icon/0054_psyduck/psyduck.png
[16:38:31] [Render thread/WARN] [JMLogger] Image is null: cobblemon:textures/entity_icon/0174_igglybuff/igglybuff.png
[16:38:31] [Render thread/WARN] [JMLogger] Image is null: cobblemon:textures/entity_icon/0504_patrat/patrat.png
[16:38:31] [Render thread/WARN] [JMLogger] Image is null: cobblemon:textures/entity_icon/0128_tauros/tauros.png
[16:38:31] [Render thread/WARN] [JMLogger] Image is null: cobblemon:textures/entity_icon/0427_buneary/buneary.png
[16:38:31] [Render thread/WARN] [JMLogger] Image is null: cobblemon:textures/entity_icon/0421_cherrim/cherrim_sunshine.png
[16:38:31] [Render thread/WARN] [JMLogger] Image is null: cobblemon:textures/entity_icon/0550_basculin/basculin_redstripe.png
[16:38:31] [Render thread/WARN] [JMLogger] Image is null: cobblemon:textures/entity_icon/0550_basculin/basculin_bluestripe.png
[16:38:31] [Render thread/WARN] [JMLogger] Image is null: cobblemon:textures/entity_icon/0162_furret/furret.png
[16:38:31] [Render thread/WARN] [JMLogger] Image is null: cobblemon:textures/entity_icon/0925_maushold/maushold.png
[16:38:31] [Render thread/WARN] [JMLogger] Image is null: cobblemon:textures/entity_icon/0118_goldeen/goldeen.png
[16:38:31] [Render thread/WARN] [JMLogger] Image is null: cobblemon:textures/entity_icon/0163_hoothoot/hoothoot.png
[16:38:31] [Render thread/WARN] [JMLogger] Image is null: cobblemon:textures/entity_icon/0129_magikarp/magikarp.png
[16:38:31] [Render thread/WARN] [JMLogger] Image is null: cobblemon:textures/entity_icon/0903_sneasler/sneasler.png
[16:38:38] [Render thread/WARN] [JMLogger] Image is null: cobblemon:textures/entity_icon/0263_zigzagoon/zigzagoon.png
[16:38:44] [Render thread/WARN] [JMLogger] Image is null: cobblemon:textures/entity_icon/0401_kricketot/kricketot.png
[16:39:09] [Render thread/WARN] [JMLogger] Image is null: cobblemon:textures/entity_icon/0019_rattata/rattata.png
[16:39:16] [Render thread/WARN] [JMLogger] Image is null: cobblemon:textures/entity_icon/0428_lopunny/lopunny.png
[16:39:16] [Render thread/WARN] [JMLogger] Image is null: cobblemon:textures/entity_icon/0461_weavile/weavile.png
[16:39:22] [Render thread/WARN] [JMLogger] Image is null: cobblemon:textures/entity_icon/0831_wooloo/wooloo.png
[16:39:22] [Render thread/WARN] [JMLogger] Image is null: cobblemon:textures/entity_icon/0041_zubat/zubat.png
[16:39:25] [Render thread/WARN] [JMLogger] Image is null: cobblemon:textures/entity_icon/0313_volbeat/volbeat.png
[16:39:31] [Render thread/WARN] [JMLogger] Image is null: cobblemon:textures/entity_icon/0314_illumise/illumise.png
[16:39:34] [Render thread/WARN] [JMLogger] Image is null: cobblemon:textures/entity_icon/0774_minior/minior_yellow.png
[16:39:34] [Render thread/WARN] [JMLogger] Image is null: cobblemon:textures/entity_icon/0273_seedot/seedot.png
[16:39:38] [Render thread/WARN] [JMLogger] Image is null: cobblemon:textures/entity_icon/0309_electrike/electrike.png
[16:39:38] [Render thread/WARN] [JMLogger] Image is null: cobblemon:textures/entity_icon/0167_spinarak/spinarak.png
[16:39:44] [Render thread/WARN] [JMLogger] Image is null: cobblemon:textures/entity_icon/0025_pikachu/pikachu.png
[16:39:53] [Render thread/WARN] [JMLogger] Image is null: cobblemon:textures/entity_icon/0166_ledian/ledian.png
[16:39:53] [Render thread/WARN] [JMLogger] Image is null: cobblemon:textures/entity_icon/0420_cherubi/cherubi.png
[16:39:53] [Render thread/WARN] [JMLogger] Image is null: cobblemon:textures/entity_icon/0877_morpeko/morpeko.png
[16:39:57] [Render thread/WARN] [JMLogger] Image is null: cobblemon:textures/entity_icon/0014_kakuna/kakuna.png
[16:40:03] [Render thread/WARN] [JMLogger] Image is null: cobblemon:textures/entity_icon/0264_linoone/linoone_galarian.png
[16:40:03] [Render thread/WARN] [JMLogger] Image is null: cobblemon:textures/entity_icon/0079_slowpoke/slowpoke.png
[16:40:12] [Render thread/WARN] [JMLogger] Image is null: cobblemon:textures/entity_icon/0216_teddiursa/teddiursa.png
[16:40:35] [Render thread/WARN] [JMLogger] Image is null: cobblemon:textures/entity_icon/0827_nickit/nickit.png
[16:40:40] [Render thread/WARN] [JMLogger] Image is null: cobblemon:textures/entity_icon/0167_spinarak/spinarak.png
[16:40:40] [Render thread/WARN] [JMLogger] Image is null: cobblemon:textures/entity_icon/0129_magikarp/magikarp.png
[16:40:40] [Render thread/WARN] [JMLogger] Image is null: cobblemon:textures/entity_icon/0025_pikachu/pikachu.png
[16:40:40] [Render thread/WARN] [JMLogger] Image is null: cobblemon:textures/entity_icon/0273_seedot/seedot.png
[16:40:40] [Render thread/WARN] [JMLogger] Image is null: cobblemon:textures/entity_icon/0504_patrat/patrat.png
[16:40:40] [Render thread/WARN] [JMLogger] Image is null: cobblemon:textures/entity_icon/0420_cherubi/cherubi.png
[16:40:40] [Render thread/WARN] [JMLogger] Image is null: cobblemon:textures/entity_icon/0877_morpeko/morpeko.png
[16:40:40] [Render thread/WARN] [JMLogger] Image is null: cobblemon:textures/entity_icon/0163_hoothoot/hoothoot.png
[16:40:40] [Render thread/WARN] [JMLogger] Image is null: cobblemon:textures/entity_icon/0263_zigzagoon/zigzagoon.png
[16:40:40] [Render thread/WARN] [JMLogger] Image is null: cobblemon:textures/entity_icon/0014_kakuna/kakuna.png
[16:40:40] [Render thread/WARN] [JMLogger] Image is null: cobblemon:textures/entity_icon/0264_linoone/linoone_galarian.png
[16:40:40] [Render thread/WARN] [JMLogger] Image is null: cobblemon:textures/entity_icon/0079_slowpoke/slowpoke.png
[16:40:40] [Render thread/WARN] [JMLogger] Image is null: cobblemon:textures/entity_icon/0228_houndour/houndour.png
[16:40:40] [Render thread/WARN] [JMLogger] Image is null: cobblemon:textures/entity_icon/0166_ledian/ledian.png
[16:40:40] [Render thread/WARN] [JMLogger] Image is null: cobblemon:textures/entity_icon/0216_teddiursa/teddiursa.png
[16:40:40] [Render thread/WARN] [JMLogger] Image is null: cobblemon:textures/entity_icon/0827_nickit/nickit.png
[16:40:40] [Render thread/WARN] [JMLogger] Image is null: cobblemon:textures/entity_icon/0041_zubat/zubat.png
[16:40:40] [Render thread/WARN] [JMLogger] Image is null: cobblemon:textures/entity_icon/0428_lopunny/lopunny.png
[16:40:40] [Render thread/WARN] [JMLogger] Image is null: cobblemon:textures/entity_icon/0314_illumise/illumise.png
[16:40:40] [Render thread/WARN] [JMLogger] Image is null: cobblemon:textures/entity_icon/0774_minior/minior_yellow.png
[16:40:47] [Render thread/WARN] [JMLogger] Image is null: cobblemon:textures/entity_icon/0309_electrike/electrike.png
[16:40:56] [Render thread/WARN] [JMLogger] Image is null: cobblemon:textures/entity_icon/0399_bidoof/bidoof.png
[16:41:00] [Render thread/WARN] [JMLogger] Image is null: cobblemon:textures/entity_icon/0626_bouffalant/bouffalant.png
[16:41:06] [Render thread/WARN] [JMLogger] Image is null: cobblemon:textures/entity_icon/0401_kricketot/kricketot.png
[16:41:43] [Render thread/WARN] [JMLogger] Image is null: cobblemon:textures/entity_icon/0543_venipede/venipede.png
[16:41:59] [Render thread/WARN] [JMLogger] Image is null: cobblemon:textures/entity_icon/0550_basculin/basculin_redstripe.png
[16:41:59] [Render thread/WARN] [JMLogger] Image is null: cobblemon:textures/entity_icon/0019_rattata/rattata.png
[16:42:09] [Render thread/WARN] [JMLogger] Image is null: cobblemon:textures/entity_icon/0412_burmy/burmy_plant.png
[16:42:09] [Render thread/WARN] [JMLogger] Image is null: cobblemon:textures/entity_icon/0463_lickilicky/lickilicky.png
[16:42:21] [Render thread/WARN] [JMLogger] Image is null: cobblemon:textures/entity_icon/0174_igglybuff/igglybuff.png
[16:42:21] [Render thread/WARN] [JMLogger] Image is null: cobblemon:textures/entity_icon/0509_purrloin/purrloin.png
[16:42:21] [Render thread/WARN] [JMLogger] Image is null: cobblemon:textures/entity_icon/0013_weedle/weedle.png
[16:42:31] [Render thread/WARN] [JMLogger] Image is null: cobblemon:textures/entity_icon/0161_sentret/sentret.png
[16:42:53] [Render thread/WARN] [JMLogger] Image is null: cobblemon:textures/entity_icon/0292_shedinja/shedinja.png
[16:42:56] [Render thread/WARN] [JMLogger] Image is null: cobblemon:textures/entity_icon/0309_electrike/electrike.png
[16:42:56] [Render thread/WARN] [JMLogger] Image is null: cobblemon:textures/entity_icon/0228_houndour/houndour.png
[16:42:56] [Render thread/WARN] [JMLogger] Image is null: cobblemon:textures/entity_icon/0420_cherubi/cherubi.png
[16:42:56] [Render thread/WARN] [JMLogger] Image is null: cobblemon:textures/entity_icon/0163_hoothoot/hoothoot.png
[16:42:56] [Render thread/WARN] [JMLogger] Image is null: cobblemon:textures/entity_icon/0013_weedle/weedle.png
[16:42:56] [Render thread/WARN] [JMLogger] Image is null: cobblemon:textures/entity_icon/0292_shedinja/shedinja.png
[16:42:56] [Render thread/WARN] [JMLogger] Image is null: cobblemon:textures/entity_icon/0924_tandemaus/tandemaus.png
[16:42:56] [Render thread/WARN] [JMLogger] Image is null: cobblemon:textures/entity_icon/0399_bidoof/bidoof.png
[16:42:59] [Render thread/WARN] [JMLogger] Image is null: cobblemon:textures/entity_icon/0019_rattata/rattata.png
[16:42:59] [Render thread/WARN] [JMLogger] Image is null: cobblemon:textures/entity_icon/0263_zigzagoon/zigzagoon.png
[16:42:59] [Render thread/WARN] [JMLogger] Image is null: cobblemon:textures/entity_icon/0401_kricketot/kricketot.png
[16:43:03] [Render thread/WARN] [JMLogger] Image is null: cobblemon:textures/entity_icon/0774_minior/minior_yellow.png
[16:43:03] [Render thread/WARN] [JMLogger] Image is null: cobblemon:textures/entity_icon/0011_metapod/metapod.png
[16:43:57] [Render thread/WARN] [JMLogger] Image is null: cobblemon:textures/entity_icon/0550_basculin/basculin_bluestripe.png
[16:43:57] [Render thread/WARN] [JMLogger] Image is null: cobblemon:textures/entity_icon/0161_sentret/sentret.png
[16:44:02] [Render thread/WARN] [JMLogger] Image is null: cobblemon:textures/entity_icon/0827_nickit/nickit.png
[16:45:34] [Render thread/WARN] [JMLogger] Image is null: cobblemon:textures/entity_icon/0060_poliwag/poliwag.png
[16:45:34] [Render thread/WARN] [JMLogger] Image is null: cobblemon:textures/entity_icon/0168_ariados/ariados.png
[16:45:53] [Render thread/WARN] [JMLogger] Image is null: cobblemon:textures/entity_icon/0039_jigglypuff/jigglypuff.png
[16:48:06] [Render thread/WARN] [JMLogger] Image is null: cobblemon:textures/entity_icon/0313_volbeat/volbeat.png
[16:50:39] [Render thread/WARN] [JMLogger] Image is null: cobblemon:textures/entity_icon/0504_patrat/patrat.png
[16:51:15] [Render thread/WARN] [JMLogger] Image is null: cobblemon:textures/entity_icon/0570_zorua/zorua.png
[16:51:15] [Render thread/WARN] [JMLogger] Image is null: cobblemon:textures/entity_icon/0174_igglybuff/igglybuff.png
[16:52:43] [Render thread/INFO] [InternalStateHandler] Connection initiated with Journeymap Server: true
[16:52:43] [Render thread/INFO] [InternalStateHandler] Teleport Enabled: true
[16:52:43] [Render thread/INFO] [InternalStateHandler] Expanded Radar Enabled: true
[16:52:43] [Render thread/INFO] [InternalStateHandler] Server Admin Enabled: true
[16:52:43] [Render thread/INFO] [InternalStateHandler] Server set show in-game beacons: true
[16:52:43] [Render thread/INFO] [InternalStateHandler] Server set waypoints allowed: true
[16:52:43] [Render thread/INFO] [InternalStateHandler] Server set Server Admin read only mode: true
[16:52:43] [Render thread/INFO] [InternalStateHandler] Server set maxSurfaceRenderDistance to: 0
[16:52:43] [Render thread/INFO] [InternalStateHandler] Server setmaxCaveRenderDistance to: 0
[16:52:43] [Render thread/INFO] [InternalStateHandler] Server set allow mutliplayer options: true
[16:52:43] [Render thread/INFO] [InternalStateHandler] Server set allow rightClickTeleport options: true
[16:52:43] [Render thread/INFO] [InternalStateHandler] Server set allow radarLateralDistance options: 512
[16:52:43] [Render thread/INFO] [InternalStateHandler] Server set allow radarVerticalDistance options: 320
[16:52:43] [Render thread/INFO] [InternalStateHandler] Server set allow maxAnimalsData options: 128
[16:52:43] [Render thread/INFO] [InternalStateHandler] Server set allow maxAmbientCreaturesData options: 128
[16:52:43] [Render thread/INFO] [InternalStateHandler] Server set allow maxMobsData options: 128
[16:52:43] [Render thread/INFO] [InternalStateHandler] Server set allow maxPlayersData options: 128
[16:52:43] [Render thread/INFO] [InternalStateHandler] Server set allow maxVillagersData options: 128
[16:52:43] [Render thread/INFO] [InternalStateHandler] Server set allow playerRadarNamesEnabled options: true
[16:52:43] [Render thread/INFO] [InternalStateHandler] Server set allow minimapEnabled options: true
[16:52:43] [Render thread/INFO] [InternalStateHandler] Server set allow hideCoordinates options: false
[16:52:43] [Render thread/INFO] [FeatureManager] Feature disabled: RadarAnimals
[16:52:43] [Render thread/INFO] [FeatureManager] Feature disabled: RadarMobs
[16:52:43] [Render thread/INFO] [FeatureManager] Feature disabled: RadarVillagers
[16:53:37] [Render thread/WARN] [JMLogger] Image is null: cobblemon:textures/entity_icon/0285_shroomish/shroomish.png
[16:53:42] [Render thread/WARN] [JMLogger] Image is null: cobblemon:textures/entity_icon/0179_mareep/mareep.png
[16:53:45] [Render thread/WARN] [JMLogger] Image is null: cobblemon:textures/entity_icon/0014_kakuna/kakuna.png
[16:53:48] [Render thread/WARN] [JMLogger] Image is null: cobblemon:textures/entity_icon/0118_goldeen/goldeen.png
[16:53:57] [Render thread/WARN] [JMLogger] Image is null: cobblemon:textures/entity_icon/0164_noctowl/noctowl.png
[16:55:58] [Render thread/WARN] [JMLogger] Image is null: cobblemon:textures/entity_icon/0161_sentret/sentret.png
[16:55:58] [Render thread/WARN] [JMLogger] Image is null: cobblemon:textures/entity_icon/0401_kricketot/kricketot.png
[16:55:58] [Render thread/WARN] [JMLogger] Image is null: cobblemon:textures/entity_icon/0399_bidoof/bidoof.png
[16:55:58] [Render thread/WARN] [JMLogger] Image is null: cobblemon:textures/entity_icon/0168_ariados/ariados.png
[16:55:58] [Render thread/WARN] [JMLogger] Image is null: cobblemon:textures/entity_icon/0039_jigglypuff/jigglypuff.png
[16:55:58] [Render thread/WARN] [JMLogger] Image is null: cobblemon:textures/entity_icon/0313_volbeat/volbeat.png
[16:55:58] [Render thread/WARN] [JMLogger] Image is null: cobblemon:textures/entity_icon/0504_patrat/patrat.png
[16:55:58] [Render thread/WARN] [JMLogger] Image is null: cobblemon:textures/entity_icon/0570_zorua/zorua.png
[16:55:58] [Render thread/WARN] [JMLogger] Image is null: cobblemon:textures/entity_icon/0174_igglybuff/igglybuff.png
[16:55:58] [Render thread/WARN] [JMLogger] Image is null: cobblemon:textures/entity_icon/0285_shroomish/shroomish.png
[16:55:58] [Render thread/WARN] [JMLogger] Image is null: cobblemon:textures/entity_icon/0179_mareep/mareep.png
[16:55:58] [Render thread/WARN] [JMLogger] Image is null: cobblemon:textures/entity_icon/0013_weedle/weedle.png
[16:55:58] [Render thread/WARN] [JMLogger] Image is null: cobblemon:textures/entity_icon/0118_goldeen/goldeen.png
[16:55:58] [Render thread/WARN] [JMLogger] Image is null: cobblemon:textures/entity_icon/0019_rattata/rattata.png
[16:55:58] [Render thread/WARN] [JMLogger] Image is null: cobblemon:textures/entity_icon/0163_hoothoot/hoothoot.png
[16:55:58] [Render thread/WARN] [JMLogger] Image is null: cobblemon:textures/entity_icon/0427_buneary/buneary.png
[16:56:04] [Render thread/WARN] [JMLogger] Image is null: cobblemon:textures/entity_icon/0420_cherubi/cherubi.png
[16:56:04] [Render thread/WARN] [JMLogger] Image is null: cobblemon:textures/entity_icon/0292_shedinja/shedinja.png
[16:56:04] [Render thread/WARN] [JMLogger] Image is null: cobblemon:textures/entity_icon/0924_tandemaus/tandemaus.png
[16:56:04] [Render thread/WARN] [JMLogger] Image is null: cobblemon:textures/entity_icon/0263_zigzagoon/zigzagoon.png
[16:56:04] [Render thread/WARN] [JMLogger] Image is null: cobblemon:textures/entity_icon/0774_minior/minior_yellow.png
[16:56:04] [Render thread/WARN] [JMLogger] Image is null: cobblemon:textures/entity_icon/0550_basculin/basculin_bluestripe.png
[16:56:04] [Render thread/WARN] [JMLogger] Image is null: cobblemon:textures/entity_icon/0228_houndour/houndour.png
[16:57:53] [Netty Local Client IO #0/INFO] [TextureCache] [JourneyMap]: Purging Theme Images
[16:57:53] [Netty Local Client IO #0/INFO] [TextureCache] [JourneyMap]: Purging Region Images
[16:57:53] [Netty Local Client IO #0/INFO] [TextureCache] [JourneyMap]: Purging Mob Icon Images
[16:57:53] [Render thread/INFO] [JourneymapClient] Mapping halted in C:\Users\diefesson\AppData\Roaming\PrismLauncher\instances\Modsa-1.0.0\minecraft\journeymap\data\mp\offline\minecraft:overworld
